mode: set
rest-api/handlers/rootHandler.go:6.58,7.23 1 0
rest-api/handlers/rootHandler.go:12.2,13.44 2 0
rest-api/handlers/rootHandler.go:7.23,11.3 3 0
rest-api/handlers/userHandler.go:14.54,15.14 1 1
rest-api/handlers/userHandler.go:19.2,19.19 1 1
rest-api/handlers/userHandler.go:23.2,23.14 1 1
rest-api/handlers/userHandler.go:26.2,27.16 2 1
rest-api/handlers/userHandler.go:30.2,30.30 1 1
rest-api/handlers/userHandler.go:15.14,17.3 1 1
rest-api/handlers/userHandler.go:19.19,21.3 1 0
rest-api/handlers/userHandler.go:23.14,25.3 1 1
rest-api/handlers/userHandler.go:27.16,29.3 1 0
rest-api/handlers/userHandler.go:33.58,36.16 2 0
rest-api/handlers/userHandler.go:40.2,40.33 1 0
rest-api/handlers/userHandler.go:44.2,44.66 1 0
rest-api/handlers/userHandler.go:36.16,39.3 2 0
rest-api/handlers/userHandler.go:40.33,43.3 2 0
rest-api/handlers/userHandler.go:47.59,50.16 3 0
rest-api/handlers/userHandler.go:54.2,56.16 3 0
rest-api/handlers/userHandler.go:64.2,65.35 2 0
rest-api/handlers/userHandler.go:50.16,53.3 2 0
rest-api/handlers/userHandler.go:56.16,57.37 1 0
rest-api/handlers/userHandler.go:62.3,62.9 1 0
rest-api/handlers/userHandler.go:57.37,59.4 1 0
rest-api/handlers/userHandler.go:59.9,61.4 1 0
rest-api/handlers/userHandler.go:68.76,70.16 2 0
rest-api/handlers/userHandler.go:78.2,78.33 1 0
rest-api/handlers/userHandler.go:82.2,82.61 1 0
rest-api/handlers/userHandler.go:70.16,71.31 1 0
rest-api/handlers/userHandler.go:75.3,76.9 2 0
rest-api/handlers/userHandler.go:71.31,74.4 2 0
rest-api/handlers/userHandler.go:78.33,81.3 2 0
rest-api/handlers/userHandler.go:85.76,88.16 3 0
rest-api/handlers/userHandler.go:92.2,94.16 3 0
rest-api/handlers/userHandler.go:102.2,102.61 1 0
rest-api/handlers/userHandler.go:88.16,91.3 2 0
rest-api/handlers/userHandler.go:94.16,95.37 1 0
rest-api/handlers/userHandler.go:100.3,100.9 1 0
rest-api/handlers/userHandler.go:95.37,97.4 1 0
rest-api/handlers/userHandler.go:97.9,99.4 1 0
rest-api/handlers/userHandler.go:105.78,107.16 2 0
rest-api/handlers/userHandler.go:115.2,116.16 2 0
rest-api/handlers/userHandler.go:120.2,122.16 3 0
rest-api/handlers/userHandler.go:130.2,130.61 1 0
rest-api/handlers/userHandler.go:107.16,108.31 1 0
rest-api/handlers/userHandler.go:112.3,113.9 2 0
rest-api/handlers/userHandler.go:108.31,111.4 2 0
rest-api/handlers/userHandler.go:116.16,119.3 2 0
rest-api/handlers/userHandler.go:122.16,123.37 1 0
rest-api/handlers/userHandler.go:128.3,128.9 1 0
rest-api/handlers/userHandler.go:123.37,125.4 1 0
rest-api/handlers/userHandler.go:125.9,127.4 1 0
rest-api/handlers/userHandler.go:133.79,135.16 2 0
rest-api/handlers/userHandler.go:143.2,143.30 1 0
rest-api/handlers/userHandler.go:135.16,136.31 1 0
rest-api/handlers/userHandler.go:140.3,141.9 2 0
rest-api/handlers/userHandler.go:136.31,139.4 2 0
rest-api/handlers/usersRouter.go:10.58,12.22 2 0
rest-api/handlers/usersRouter.go:32.2,33.31 2 0
rest-api/handlers/usersRouter.go:38.2,40.18 2 0
rest-api/handlers/usersRouter.go:12.22,13.19 1 0
rest-api/handlers/usersRouter.go:14.23,16.10 2 0
rest-api/handlers/usersRouter.go:17.24,19.10 2 0
rest-api/handlers/usersRouter.go:20.24,22.10 2 0
rest-api/handlers/usersRouter.go:23.27,25.10 2 0
rest-api/handlers/usersRouter.go:26.11,28.10 2 0
rest-api/handlers/usersRouter.go:33.31,36.3 2 0
rest-api/handlers/usersRouter.go:41.22,43.9 2 0
rest-api/handlers/usersRouter.go:44.23,46.9 2 0
rest-api/handlers/usersRouter.go:47.22,49.9 2 0
rest-api/handlers/usersRouter.go:50.24,52.9 2 0
rest-api/handlers/usersRouter.go:53.25,55.9 2 0
rest-api/handlers/usersRouter.go:56.26,58.9 2 0
rest-api/handlers/usersRouter.go:59.10,61.9 2 0
rest-api/handlers/responses.go:11.49,13.2 1 0
rest-api/handlers/responses.go:15.78,16.20 1 0
rest-api/handlers/responses.go:27.2,28.40 2 0
rest-api/handlers/responses.go:16.20,18.17 2 0
rest-api/handlers/responses.go:22.3,25.9 4 0
rest-api/handlers/responses.go:18.17,21.4 2 0
rest-api/handlers/responses.go:31.89,34.2 2 0
rest-api/user/user.go:25.28,27.16 2 1
rest-api/user/user.go:30.2,33.16 4 1
rest-api/user/user.go:36.2,36.19 1 1
rest-api/user/user.go:27.16,29.3 1 0
rest-api/user/user.go:33.16,35.3 1 0
rest-api/user/user.go:40.43,42.16 2 1
rest-api/user/user.go:45.2,48.16 4 1
rest-api/user/user.go:51.2,51.15 1 1
rest-api/user/user.go:42.16,44.3 1 0
rest-api/user/user.go:48.16,50.3 1 1
rest-api/user/user.go:55.37,57.16 2 1
rest-api/user/user.go:60.2,63.16 4 1
rest-api/user/user.go:67.2,67.27 1 1
rest-api/user/user.go:57.16,59.3 1 0
rest-api/user/user.go:63.16,65.3 1 0
rest-api/user/user.go:71.29,72.37 1 1
rest-api/user/user.go:75.2,76.16 2 1
rest-api/user/user.go:79.2,80.19 2 1
rest-api/user/user.go:72.37,74.3 1 0
rest-api/user/user.go:76.16,78.3 1 0
rest-api/user/user.go:84.33,85.18 1 1
rest-api/user/user.go:88.2,88.12 1 1
rest-api/user/user.go:85.18,87.3 1 0
